#! /c/Source/iverilog-install/bin/vvp
:ivl_version "12.0 (devel)" "(s20150603-1539-g2693dd32b)";
:ivl_delay_selection "TYPICAL";
:vpi_time_precision + 0;
:vpi_module "C:\iverilog\lib\ivl\system.vpi";
:vpi_module "C:\iverilog\lib\ivl\vhdl_sys.vpi";
:vpi_module "C:\iverilog\lib\ivl\vhdl_textio.vpi";
:vpi_module "C:\iverilog\lib\ivl\v2005_math.vpi";
:vpi_module "C:\iverilog\lib\ivl\va_math.vpi";
S_00000191d1b383f0 .scope module, "tb_or" "tb_or" 2 1;
 .timescale 0 0;
v00000191d1b3ae60_0 .var "a", 0 0;
v00000191d1b3af00_0 .var "b", 0 0;
v00000191d1b3dd40_0 .net "y", 0 0, L_00000191d1b390f0;  1 drivers
S_00000191d1b38f60 .scope module, "uut" "or_gate" 2 4, 3 1 0, S_00000191d1b383f0;
 .timescale 0 0;
    .port_info 0 /INPUT 1 "a";
    .port_info 1 /INPUT 1 "b";
    .port_info 2 /OUTPUT 1 "y";
L_00000191d1b390f0 .functor OR 1, v00000191d1b3ae60_0, v00000191d1b3af00_0, C4<0>, C4<0>;
v00000191d1b3dca0_0 .net "a", 0 0, v00000191d1b3ae60_0;  1 drivers
v00000191d19c28d0_0 .net "b", 0 0, v00000191d1b3af00_0;  1 drivers
v00000191d1b3adc0_0 .net "y", 0 0, L_00000191d1b390f0;  alias, 1 drivers
    .scope S_00000191d1b383f0;
T_0 ;
    %vpi_call 2 10 "$dumpfile", "tb_or.vcd" {0 0 0};
    %vpi_call 2 11 "$dumpvars", 32'sb00000000000000000000000000000000, S_00000191d1b383f0 {0 0 0};
    %vpi_call 2 12 "$display", "Time\011 a\011 b\011 y" {0 0 0};
    %pushi/vec4 0, 0, 1;
    %store/vec4 v00000191d1b3ae60_0, 0, 1;
    %pushi/vec4 0, 0, 1;
    %store/vec4 v00000191d1b3af00_0, 0, 1;
    %delay 10, 0;
    %vpi_call 2 15 "$display", "a=%b, b=%b, y=%b", v00000191d1b3ae60_0, v00000191d1b3af00_0, v00000191d1b3dd40_0 {0 0 0};
    %pushi/vec4 0, 0, 1;
    %store/vec4 v00000191d1b3ae60_0, 0, 1;
    %pushi/vec4 1, 0, 1;
    %store/vec4 v00000191d1b3af00_0, 0, 1;
    %delay 10, 0;
    %vpi_call 2 19 "$display", "a=%b, b=%b, y=%b", v00000191d1b3ae60_0, v00000191d1b3af00_0, v00000191d1b3dd40_0 {0 0 0};
    %pushi/vec4 1, 0, 1;
    %store/vec4 v00000191d1b3ae60_0, 0, 1;
    %pushi/vec4 0, 0, 1;
    %store/vec4 v00000191d1b3af00_0, 0, 1;
    %delay 10, 0;
    %vpi_call 2 24 "$display", "a=%b, b=%b, y=%b", v00000191d1b3ae60_0, v00000191d1b3af00_0, v00000191d1b3dd40_0 {0 0 0};
    %pushi/vec4 1, 0, 1;
    %store/vec4 v00000191d1b3ae60_0, 0, 1;
    %pushi/vec4 1, 0, 1;
    %store/vec4 v00000191d1b3af00_0, 0, 1;
    %delay 10, 0;
    %vpi_call 2 29 "$display", "a=%b, b=%b, y=%b", v00000191d1b3ae60_0, v00000191d1b3af00_0, v00000191d1b3dd40_0 {0 0 0};
    %vpi_call 2 31 "$finish" {0 0 0};
    %end;
    .thread T_0;
# The file index is used to find the file name in the following table.
:file_names 4;
    "N/A";
    "<interactive>";
    "tb_or.v";
    "or_gate.v";
